<?xml version="1.0" encoding="UTF-8"?>
<testsuite xmlns:xsi="http://www.w3.org/2001/XMLSchema-instance" xsi:noNamespaceSchemaLocation="https://maven.apache.org/surefire/maven-surefire-plugin/xsd/surefire-test-report.xsd" version="3.0.2" name="org.quurz.foomp.base.util.Record3Test" time="0.087" tests="12" errors="0" skipped="0" failures="0">
  <properties>
[...]
</properties>
  <testcase name="testHashCodeAndEquals" classname="org.quurz.foomp.base.util.Record3Test" time="0.003">
    <system-out><![CDATA[23:31:31.800 [main] INFO  o.quurz.foomp.base.util.Record3Test - Test record3.hashCode and record3.equals
]]></system-out>
  </testcase>
  <testcase name="testToTuple" classname="org.quurz.foomp.base.util.Record3Test" time="0.005">
    <system-out><![CDATA[23:31:31.804 [main] INFO  o.quurz.foomp.base.util.Record3Test - Test record3.tuple
]]></system-out>
  </testcase>
  <testcase name="testGet" classname="org.quurz.foomp.base.util.Record3Test" time="0.001">
    <system-out><![CDATA[23:31:31.809 [main] INFO  o.quurz.foomp.base.util.Record3Test - Test record3.get, record3.get1, record3.get2 and record3.get3
]]></system-out>
  </testcase>
  <testcase name="testMap" classname="org.quurz.foomp.base.util.Record3Test" time="0.008">
    <system-out><![CDATA[23:31:31.812 [main] INFO  o.quurz.foomp.base.util.Record3Test - Test record3.map1, record3.map2 and record3.map3
]]></system-out>
  </testcase>
  <testcase name="testCopy" classname="org.quurz.foomp.base.util.Record3Test" time="0.001">
    <system-out><![CDATA[23:31:31.821 [main] INFO  o.quurz.foomp.base.util.Record3Test - Test record3.copy
]]></system-out>
  </testcase>
  <testcase name="testLift" classname="org.quurz.foomp.base.util.Record3Test" time="0.005">
    <system-out><![CDATA[23:31:31.824 [main] INFO  o.quurz.foomp.base.util.Record3Test - Test record3.lift
]]></system-out>
  </testcase>
  <testcase name="testWith" classname="org.quurz.foomp.base.util.Record3Test" time="0.003">
    <system-out><![CDATA[23:31:31.830 [main] INFO  o.quurz.foomp.base.util.Record3Test - Test record3.with1, record3.with2 and record3.with3
]]></system-out>
  </testcase>
  <testcase name="testToString" classname="org.quurz.foomp.base.util.Record3Test" time="0.003">
    <system-out><![CDATA[23:31:31.833 [main] INFO  o.quurz.foomp.base.util.Record3Test - Test record3.toString
]]></system-out>
  </testcase>
  <testcase name="testPresent" classname="org.quurz.foomp.base.util.Record3Test" time="0.002">
    <system-out><![CDATA[23:31:31.837 [main] INFO  o.quurz.foomp.base.util.Record3Test - Test record3.isPresent, record3.is1, record3.is2 and record3.is3
]]></system-out>
  </testcase>
  <testcase name="testRecord3" classname="org.quurz.foomp.base.util.Record3Test" time="0.008">
    <system-out><![CDATA[23:31:31.839 [main] INFO  o.quurz.foomp.base.util.Record3Test - Test Record3.record3 and Record3::new
]]></system-out>
  </testcase>
  <testcase name="testTransmogrify" classname="org.quurz.foomp.base.util.Record3Test" time="0.018">
    <system-out><![CDATA[23:31:31.848 [main] INFO  o.quurz.foomp.base.util.Record3Test - Test record3.transmogrify
]]></system-out>
  </testcase>
  <testcase name="testMapAll" classname="org.quurz.foomp.base.util.Record3Test" time="0.017">
    <system-out><![CDATA[23:31:31.868 [main] INFO  o.quurz.foomp.base.util.Record3Test - Test record3.mapAll
]]></system-out>
  </testcase>
</testsuite>