<?xml version="1.0" encoding="UTF-8"?>
<testsuite xmlns:xsi="http://www.w3.org/2001/XMLSchema-instance" xsi:noNamespaceSchemaLocation="https://maven.apache.org/surefire/maven-surefire-plugin/xsd/surefire-test-report.xsd" version="3.0.2" name="org.quurz.foomp.base.functions.Fun4Test" time="0.141" tests="20" errors="0" skipped="0" failures="0">
  <properties>
[...]
</properties>
  <testcase name="testPartial2WithNullReturningSupplier" classname="org.quurz.foomp.base.functions.Fun4Test" time="0.007">
    <system-out><![CDATA[23:31:23.009 [main] INFO  o.q.foomp.base.functions.Fun4Test - Test fun4.partial2 with null-returning supplier
]]></system-out>
  </testcase>
  <testcase name="testPartial3WithNullReturningSupplier" classname="org.quurz.foomp.base.functions.Fun4Test" time="0.006">
    <system-out><![CDATA[23:31:23.018 [main] INFO  o.q.foomp.base.functions.Fun4Test - Test fun4.partial3 with null-returning supplier
]]></system-out>
  </testcase>
  <testcase name="testPartial4WithNullReturningSupplier" classname="org.quurz.foomp.base.functions.Fun4Test" time="0.006">
    <system-out><![CDATA[23:31:23.026 [main] INFO  o.q.foomp.base.functions.Fun4Test - Test fun4.partial4 with null-returning supplier
]]></system-out>
  </testcase>
  <testcase name="testPartial4WithNullSupplier" classname="org.quurz.foomp.base.functions.Fun4Test" time="0.004">
    <system-out><![CDATA[23:31:23.032 [main] INFO  o.q.foomp.base.functions.Fun4Test - Test fun4.partial4 with null-supplier
]]></system-out>
  </testcase>
  <testcase name="testPartial1WithNullSupplier" classname="org.quurz.foomp.base.functions.Fun4Test" time="0.003">
    <system-out><![CDATA[23:31:23.037 [main] INFO  o.q.foomp.base.functions.Fun4Test - Test fun4.partial1 with null-supplier
]]></system-out>
  </testcase>
  <testcase name="testDefer" classname="org.quurz.foomp.base.functions.Fun4Test" time="0.02">
    <system-out><![CDATA[23:31:23.042 [main] INFO  o.q.foomp.base.functions.Fun4Test - Test fun4.defer(...)
]]></system-out>
  </testcase>
  <testcase name="testCurryWithValidArguments" classname="org.quurz.foomp.base.functions.Fun4Test" time="0.006">
    <system-out><![CDATA[23:31:23.064 [main] INFO  o.q.foomp.base.functions.Fun4Test - Test fun4.curry with valid arguments
]]></system-out>
  </testcase>
  <testcase name="testPartial4WithValidArgument" classname="org.quurz.foomp.base.functions.Fun4Test" time="0.005">
    <system-out><![CDATA[23:31:23.070 [main] INFO  o.q.foomp.base.functions.Fun4Test - Test fun4.partial4 with valid argument
]]></system-out>
  </testcase>
  <testcase name="testCurryWithNullArguments" classname="org.quurz.foomp.base.functions.Fun4Test" time="0.005">
    <system-out><![CDATA[23:31:23.078 [main] INFO  o.q.foomp.base.functions.Fun4Test - Test fun4.curry with null-arguments
]]></system-out>
  </testcase>
  <testcase name="testPartial2WithNullSupplier" classname="org.quurz.foomp.base.functions.Fun4Test" time="0.003">
    <system-out><![CDATA[23:31:23.083 [main] INFO  o.q.foomp.base.functions.Fun4Test - Test fun4.partial2 with null-supplier
]]></system-out>
  </testcase>
  <testcase name="testPartial3WithValidArgument" classname="org.quurz.foomp.base.functions.Fun4Test" time="0.011">
    <system-out><![CDATA[23:31:23.088 [main] INFO  o.q.foomp.base.functions.Fun4Test - Test fun4.partial3 with valid argument
]]></system-out>
  </testcase>
  <testcase name="testAndThenWithNullArgument" classname="org.quurz.foomp.base.functions.Fun4Test" time="0.004">
    <system-out><![CDATA[23:31:23.100 [main] INFO  o.q.foomp.base.functions.Fun4Test - Test fun.andThen with null-argument
]]></system-out>
  </testcase>
  <testcase name="testUncurryWithNullArgument" classname="org.quurz.foomp.base.functions.Fun4Test" time="0.003">
    <system-out><![CDATA[23:31:23.105 [main] INFO  o.q.foomp.base.functions.Fun4Test - Test Fun3.uncurry with null-argument
]]></system-out>
  </testcase>
  <testcase name="testAndThenWithNullReturningNext" classname="org.quurz.foomp.base.functions.Fun4Test" time="0.005">
    <system-out><![CDATA[23:31:23.109 [main] INFO  o.q.foomp.base.functions.Fun4Test - Test fun.andThen with null returning next
]]></system-out>
  </testcase>
  <testcase name="testPartial2WithValidArgument" classname="org.quurz.foomp.base.functions.Fun4Test" time="0.003">
    <system-out><![CDATA[23:31:23.116 [main] INFO  o.q.foomp.base.functions.Fun4Test - Test fun4.partial2 with valid argument
]]></system-out>
  </testcase>
  <testcase name="testPartial3WithNullSupplier" classname="org.quurz.foomp.base.functions.Fun4Test" time="0.003">
    <system-out><![CDATA[23:31:23.120 [main] INFO  o.q.foomp.base.functions.Fun4Test - Test fun4.partial3 with null-supplier
]]></system-out>
  </testcase>
  <testcase name="testAndThenWithValidNext" classname="org.quurz.foomp.base.functions.Fun4Test" time="0.004">
    <system-out><![CDATA[23:31:23.124 [main] INFO  o.q.foomp.base.functions.Fun4Test - Test fun.andThen with valid next
]]></system-out>
  </testcase>
  <testcase name="testPartial1WithValidArgument" classname="org.quurz.foomp.base.functions.Fun4Test" time="0.003">
    <system-out><![CDATA[23:31:23.129 [main] INFO  o.q.foomp.base.functions.Fun4Test - Test fun4.partial1 with valid argument
]]></system-out>
  </testcase>
  <testcase name="testUncurryWithValidArgument" classname="org.quurz.foomp.base.functions.Fun4Test" time="0.006">
    <system-out><![CDATA[23:31:23.134 [main] INFO  o.q.foomp.base.functions.Fun4Test - Test fun4.uncurry with valid argument
]]></system-out>
  </testcase>
  <testcase name="testPartial1WithNullReturningSupplier" classname="org.quurz.foomp.base.functions.Fun4Test" time="0.004">
    <system-out><![CDATA[23:31:23.142 [main] INFO  o.q.foomp.base.functions.Fun4Test - Test fun4.partial1 with null-returning supplier
]]></system-out>
  </testcase>
</testsuite>