<?xml version="1.0" encoding="UTF-8"?>
<testsuite xmlns:xsi="http://www.w3.org/2001/XMLSchema-instance" xsi:noNamespaceSchemaLocation="https://maven.apache.org/surefire/maven-surefire-plugin/xsd/surefire-test-report.xsd" version="3.0.2" name="org.quurz.foomp.base.functions.ApplicableTest" time="0.944" tests="6" errors="0" skipped="0" failures="0">
  <properties>
[...]
</properties>
  <testcase name="testDefer" classname="org.quurz.foomp.base.functions.ApplicableTest" time="0.213">
    <system-out><![CDATA[19:36:16.275 [main] INFO  o.q.f.base.functions.ApplicableTest - Test applicable.defer
]]></system-out>
  </testcase>
  <testcase name="testSafe" classname="org.quurz.foomp.base.functions.ApplicableTest" time="0.011">
    <system-out><![CDATA[19:36:16.463 [main] INFO  o.q.f.base.functions.ApplicableTest - Test applicable.safen
]]></system-out>
  </testcase>
  <testcase name="testApplicable" classname="org.quurz.foomp.base.functions.ApplicableTest" time="0.004">
    <system-out><![CDATA[19:36:16.476 [main] INFO  o.q.f.base.functions.ApplicableTest - Test Applicable.applicable with null function
]]></system-out>
  </testcase>
  <testcase name="testApplicableWithValidFunction" classname="org.quurz.foomp.base.functions.ApplicableTest" time="0.004">
    <system-out><![CDATA[19:36:16.481 [main] INFO  o.q.f.base.functions.ApplicableTest - Test Applicable.applicable with valid function
]]></system-out>
  </testcase>
  <testcase name="testIdentity" classname="org.quurz.foomp.base.functions.ApplicableTest" time="0.004">
    <system-out><![CDATA[19:36:16.486 [main] INFO  o.q.f.base.functions.ApplicableTest - Test Applicable.identity
]]></system-out>
  </testcase>
  <testcase name="testApplicableWithNullReturningFunction" classname="org.quurz.foomp.base.functions.ApplicableTest" time="0.004">
    <system-out><![CDATA[19:36:16.491 [main] INFO  o.q.f.base.functions.ApplicableTest - Test Applicable.applicable with null returning function
]]></system-out>
  </testcase>
</testsuite>