<?xml version="1.0" encoding="UTF-8"?>
<testsuite xmlns:xsi="http://www.w3.org/2001/XMLSchema-instance" xsi:noNamespaceSchemaLocation="https://maven.apache.org/surefire/maven-surefire-plugin/xsd/surefire-test-report.xsd" version="3.0.2" name="org.quurz.foomp.base.util.EitherTest" time="0.723" tests="55" errors="0" skipped="0" failures="0">
  <properties>
[...]
</properties>
  <testcase name="testGetRightOnRight" classname="org.quurz.foomp.base.util.EitherTest" time="0.014">
    <system-out><![CDATA[19:36:20.671 [main] INFO  o.quurz.foomp.base.util.EitherTest - Test either.getRight on Either.Right
]]></system-out>
  </testcase>
  <testcase name="testGetLeftSafeOnLeft" classname="org.quurz.foomp.base.util.EitherTest" time="0.012">
    <system-out><![CDATA[19:36:20.685 [main] INFO  o.quurz.foomp.base.util.EitherTest - Test either.getLeftSafe on Either.Left
]]></system-out>
  </testcase>
  <testcase name="testIsLeftOnRight" classname="org.quurz.foomp.base.util.EitherTest" time="0.003">
    <system-out><![CDATA[19:36:20.698 [main] INFO  o.quurz.foomp.base.util.EitherTest - Test either.isLeft on Either.Right
]]></system-out>
  </testcase>
  <testcase name="testSwapOnLeft" classname="org.quurz.foomp.base.util.EitherTest" time="0.005">
    <system-out><![CDATA[19:36:20.702 [main] INFO  o.quurz.foomp.base.util.EitherTest - Test either.swap on Either.Left
]]></system-out>
  </testcase>
  <testcase name="testMapOnRight" classname="org.quurz.foomp.base.util.EitherTest" time="0.006">
    <system-out><![CDATA[19:36:20.708 [main] INFO  o.quurz.foomp.base.util.EitherTest - Test either.map on Either.Right
]]></system-out>
  </testcase>
  <testcase name="testGetRightOrElseOnLeft" classname="org.quurz.foomp.base.util.EitherTest" time="0.005">
    <system-out><![CDATA[19:36:20.715 [main] INFO  o.quurz.foomp.base.util.EitherTest - Test either.getRightOrElse on Either.Left
]]></system-out>
  </testcase>
  <testcase name="testIfRightOnRight" classname="org.quurz.foomp.base.util.EitherTest" time="0.43">
    <system-out><![CDATA[19:36:20.721 [main] INFO  o.quurz.foomp.base.util.EitherTest - Test either.ifRight on Either.Right
]]></system-out>
  </testcase>
  <testcase name="testCopyOnLeft" classname="org.quurz.foomp.base.util.EitherTest" time="0.011">
    <system-out><![CDATA[19:36:21.155 [main] INFO  o.quurz.foomp.base.util.EitherTest - Test either.copy on Either.Left
]]></system-out>
  </testcase>
  <testcase name="testIfRightOnLeft" classname="org.quurz.foomp.base.util.EitherTest" time="0.007">
    <system-out><![CDATA[19:36:21.165 [main] INFO  o.quurz.foomp.base.util.EitherTest - Test either.ifRight on Either.Left
]]></system-out>
  </testcase>
  <testcase name="testIfLeftWithNullConsumer" classname="org.quurz.foomp.base.util.EitherTest" time="0.003">
    <system-out><![CDATA[19:36:21.172 [main] INFO  o.quurz.foomp.base.util.EitherTest - Test either.ifLeft with null-consumer
]]></system-out>
  </testcase>
  <testcase name="testRightWithValidValue" classname="org.quurz.foomp.base.util.EitherTest" time="0.003">
    <system-out><![CDATA[19:36:21.176 [main] INFO  o.quurz.foomp.base.util.EitherTest - Test Either.right with valid value
]]></system-out>
  </testcase>
  <testcase name="testMapEitherOnRight" classname="org.quurz.foomp.base.util.EitherTest" time="0.004">
    <system-out><![CDATA[19:36:21.180 [main] INFO  o.quurz.foomp.base.util.EitherTest - Test either.mapEither on Either.Right
]]></system-out>
  </testcase>
  <testcase name="testIfLeftOnLeft" classname="org.quurz.foomp.base.util.EitherTest" time="0.007">
    <system-out><![CDATA[19:36:21.184 [main] INFO  o.quurz.foomp.base.util.EitherTest - Test either.ifLeft on Either.Left
]]></system-out>
  </testcase>
  <testcase name="testTransmogrifyWithNullTransmogrifier" classname="org.quurz.foomp.base.util.EitherTest" time="0.003">
    <system-out><![CDATA[19:36:21.192 [main] INFO  o.quurz.foomp.base.util.EitherTest - Test either.transmogrify with null-transmogrifier
]]></system-out>
  </testcase>
  <testcase name="testGetRightOrThrowOnLeft" classname="org.quurz.foomp.base.util.EitherTest" time="0.005">
    <system-out><![CDATA[19:36:21.196 [main] INFO  o.quurz.foomp.base.util.EitherTest - Test either.getRightOrThrow on Either.Left
]]></system-out>
  </testcase>
  <testcase name="testArity" classname="org.quurz.foomp.base.util.EitherTest" time="0.004">
    <system-out><![CDATA[19:36:21.203 [main] INFO  o.quurz.foomp.base.util.EitherTest - Test Either.arity
]]></system-out>
  </testcase>
  <testcase name="testGetRightOrThrowOnRight" classname="org.quurz.foomp.base.util.EitherTest" time="0.004">
    <system-out><![CDATA[19:36:21.206 [main] INFO  o.quurz.foomp.base.util.EitherTest - Test either.getRightOrThrow on Either.Right
]]></system-out>
  </testcase>
  <testcase name="testToString" classname="org.quurz.foomp.base.util.EitherTest" time="0.005">
    <system-out><![CDATA[19:36:21.211 [main] INFO  o.quurz.foomp.base.util.EitherTest - Test either.toString
]]></system-out>
  </testcase>
  <testcase name="testGetOnRight" classname="org.quurz.foomp.base.util.EitherTest" time="0.005">
    <system-out><![CDATA[19:36:21.218 [main] INFO  o.quurz.foomp.base.util.EitherTest - Test either.get on Either.Right
]]></system-out>
  </testcase>
  <testcase name="testGetRightSafeOnRight" classname="org.quurz.foomp.base.util.EitherTest" time="0.006">
    <system-out><![CDATA[19:36:21.223 [main] INFO  o.quurz.foomp.base.util.EitherTest - Test either.getRightSafe on Either.Right
]]></system-out>
  </testcase>
  <testcase name="testLiftWithNullLiftA" classname="org.quurz.foomp.base.util.EitherTest" time="0.004">
    <system-out><![CDATA[19:36:21.231 [main] INFO  o.quurz.foomp.base.util.EitherTest - Test either.lift with null-liftA
]]></system-out>
  </testcase>
  <testcase name="testGetLeftOrThrowOnRight" classname="org.quurz.foomp.base.util.EitherTest" time="0.005">
    <system-out><![CDATA[19:36:21.235 [main] INFO  o.quurz.foomp.base.util.EitherTest - Test either.getLeftOrThrow on Either.Right
]]></system-out>
  </testcase>
  <testcase name="testLiftOnLeftWithValidRightLiftA" classname="org.quurz.foomp.base.util.EitherTest" time="0.006">
    <system-out><![CDATA[19:36:21.241 [main] INFO  o.quurz.foomp.base.util.EitherTest - Test either.lift on Either.Left with valid right liftA
]]></system-out>
  </testcase>
  <testcase name="testGetRightSafeOnLeft" classname="org.quurz.foomp.base.util.EitherTest" time="0.004">
    <system-out><![CDATA[19:36:21.248 [main] INFO  o.quurz.foomp.base.util.EitherTest - Test either.getRightSafe on Either.Left
]]></system-out>
  </testcase>
  <testcase name="testBindOnRightWithValidBindM" classname="org.quurz.foomp.base.util.EitherTest" time="0.007">
    <system-out><![CDATA[19:36:21.253 [main] INFO  o.quurz.foomp.base.util.EitherTest - Test either.bind on Either.Right with valid bindM
]]></system-out>
  </testcase>
  <testcase name="testMapLeftWithNullFun" classname="org.quurz.foomp.base.util.EitherTest" time="0.004">
    <system-out><![CDATA[19:36:21.260 [main] INFO  o.quurz.foomp.base.util.EitherTest - Test either.map with null-fun
]]></system-out>
  </testcase>
  <testcase name="testLeftWithValidValue" classname="org.quurz.foomp.base.util.EitherTest" time="0.004">
    <system-out><![CDATA[19:36:21.264 [main] INFO  o.quurz.foomp.base.util.EitherTest - Test Either.left with valid value
]]></system-out>
  </testcase>
  <testcase name="testTransmogrifyWithNullReturningTransmogrifier" classname="org.quurz.foomp.base.util.EitherTest" time="0.004">
    <system-out><![CDATA[19:36:21.268 [main] INFO  o.quurz.foomp.base.util.EitherTest - Test either.transmogrify with null-returning transmogrifier
]]></system-out>
  </testcase>
  <testcase name="testGetLeftOnRight" classname="org.quurz.foomp.base.util.EitherTest" time="0.004">
    <system-out><![CDATA[19:36:21.273 [main] INFO  o.quurz.foomp.base.util.EitherTest - Test either.getLeft on Either.Right
]]></system-out>
  </testcase>
  <testcase name="testMapLeftOnLeft" classname="org.quurz.foomp.base.util.EitherTest" time="0.004">
    <system-out><![CDATA[19:36:21.277 [main] INFO  o.quurz.foomp.base.util.EitherTest - Test either.mapLeft on Either.Left
]]></system-out>
  </testcase>
  <testcase name="testSwapOnRight" classname="org.quurz.foomp.base.util.EitherTest" time="0.003">
    <system-out><![CDATA[19:36:21.281 [main] INFO  o.quurz.foomp.base.util.EitherTest - Test either.swap on Either.Right
]]></system-out>
  </testcase>
  <testcase name="testGetLeftSafeOnRight" classname="org.quurz.foomp.base.util.EitherTest" time="0.004">
    <system-out><![CDATA[19:36:21.286 [main] INFO  o.quurz.foomp.base.util.EitherTest - Test either.getLeftSafe on Either.Right
]]></system-out>
  </testcase>
  <testcase name="testLiftOnRightWithValidLeftLiftA" classname="org.quurz.foomp.base.util.EitherTest" time="0.004">
    <system-out><![CDATA[19:36:21.290 [main] INFO  o.quurz.foomp.base.util.EitherTest - Test either.lift on Either.Right with valid left liftA
]]></system-out>
  </testcase>
  <testcase name="testGetLeftOrElseOnRight" classname="org.quurz.foomp.base.util.EitherTest" time="0.006">
    <system-out><![CDATA[19:36:21.294 [main] INFO  o.quurz.foomp.base.util.EitherTest - Test either.getLeftOrElse on Either.Right
]]></system-out>
  </testcase>
  <testcase name="testMapWithNullFunction" classname="org.quurz.foomp.base.util.EitherTest" time="0.004">
    <system-out><![CDATA[19:36:21.300 [main] INFO  o.quurz.foomp.base.util.EitherTest - Test either.map with null-function
]]></system-out>
  </testcase>
  <testcase name="testGetLeftOrElseOnLeft" classname="org.quurz.foomp.base.util.EitherTest" time="0.003">
    <system-out><![CDATA[19:36:21.304 [main] INFO  o.quurz.foomp.base.util.EitherTest - Test either.getLeftOrElse on Either.Left
]]></system-out>
  </testcase>
  <testcase name="testLiftOnLeftWithValidLeftLiftA" classname="org.quurz.foomp.base.util.EitherTest" time="0.003">
    <system-out><![CDATA[19:36:21.307 [main] INFO  o.quurz.foomp.base.util.EitherTest - Test either.lift on Either.Left with valid left liftA
]]></system-out>
  </testcase>
  <testcase name="testIfLeftOnRight" classname="org.quurz.foomp.base.util.EitherTest" time="0.005">
    <system-out><![CDATA[19:36:21.311 [main] INFO  o.quurz.foomp.base.util.EitherTest - Test either.ifLeft on Either.Right
]]></system-out>
  </testcase>
  <testcase name="testIsLeftOnLeft" classname="org.quurz.foomp.base.util.EitherTest" time="0.002">
    <system-out><![CDATA[19:36:21.316 [main] INFO  o.quurz.foomp.base.util.EitherTest - Test either.isLeft on Either.Left
]]></system-out>
  </testcase>
  <testcase name="testMapEitherWithNullFunctions" classname="org.quurz.foomp.base.util.EitherTest" time="0.004">
    <system-out><![CDATA[19:36:21.319 [main] INFO  o.quurz.foomp.base.util.EitherTest - Test either.mapEither with null-functions
]]></system-out>
  </testcase>
  <testcase name="testGetRightOrElseOnRight" classname="org.quurz.foomp.base.util.EitherTest" time="0.002">
    <system-out><![CDATA[19:36:21.323 [main] INFO  o.quurz.foomp.base.util.EitherTest - Test either.getRightOrElse on Either.Right
]]></system-out>
  </testcase>
  <testcase name="testBindOnLeftWithValidBindM" classname="org.quurz.foomp.base.util.EitherTest" time="0.003">
    <system-out><![CDATA[19:36:21.326 [main] INFO  o.quurz.foomp.base.util.EitherTest - Test either.bind on Either.Left with valid bindM
]]></system-out>
  </testcase>
  <testcase name="testLeftWithNullValue" classname="org.quurz.foomp.base.util.EitherTest" time="0.003">
    <system-out><![CDATA[19:36:21.331 [main] INFO  o.quurz.foomp.base.util.EitherTest - Test Either.left with null-value
]]></system-out>
  </testcase>
  <testcase name="testTransmogrifyWithValidTransmogrifier" classname="org.quurz.foomp.base.util.EitherTest" time="0.003">
    <system-out><![CDATA[19:36:21.334 [main] INFO  o.quurz.foomp.base.util.EitherTest - Test either.transmogrify with valid transmogrifier
]]></system-out>
  </testcase>
  <testcase name="testMapEitherOnLeft" classname="org.quurz.foomp.base.util.EitherTest" time="0.004">
    <system-out><![CDATA[19:36:21.338 [main] INFO  o.quurz.foomp.base.util.EitherTest - Test either.mapEither on Either.Left
]]></system-out>
  </testcase>
  <testcase name="testGetOnLeft" classname="org.quurz.foomp.base.util.EitherTest" time="0.003">
    <system-out><![CDATA[19:36:21.342 [main] INFO  o.quurz.foomp.base.util.EitherTest - Test either.get on Either.Left
]]></system-out>
  </testcase>
  <testcase name="testBindWithNullBindM" classname="org.quurz.foomp.base.util.EitherTest" time="0.002">
    <system-out><![CDATA[19:36:21.345 [main] INFO  o.quurz.foomp.base.util.EitherTest - Test either.bind with null-bindM
]]></system-out>
  </testcase>
  <testcase name="testLiftOnRightWithValidRightLiftA" classname="org.quurz.foomp.base.util.EitherTest" time="0.003">
    <system-out><![CDATA[19:36:21.348 [main] INFO  o.quurz.foomp.base.util.EitherTest - Test either.lift on Either.Right with valid right liftA
]]></system-out>
  </testcase>
  <testcase name="testMapOnLeft" classname="org.quurz.foomp.base.util.EitherTest" time="0.005">
    <system-out><![CDATA[19:36:21.353 [main] INFO  o.quurz.foomp.base.util.EitherTest - Test either.map on Either.Left
]]></system-out>
  </testcase>
  <testcase name="testCopyOnRight" classname="org.quurz.foomp.base.util.EitherTest" time="0.005">
    <system-out><![CDATA[19:36:21.360 [main] INFO  o.quurz.foomp.base.util.EitherTest - Test either.copy on Either.Right
]]></system-out>
  </testcase>
  <testcase name="testUnwind" classname="org.quurz.foomp.base.util.EitherTest" time="0.006">
    <system-out><![CDATA[19:36:21.365 [main] INFO  o.quurz.foomp.base.util.EitherTest - Test either.unwind
]]></system-out>
  </testcase>
  <testcase name="testMapLeftOnRight" classname="org.quurz.foomp.base.util.EitherTest" time="0.005">
    <system-out><![CDATA[19:36:21.373 [main] INFO  o.quurz.foomp.base.util.EitherTest - Test either.mapLeft on Either.Right
]]></system-out>
  </testcase>
  <testcase name="testGetRightOnLeft" classname="org.quurz.foomp.base.util.EitherTest" time="0.004">
    <system-out><![CDATA[19:36:21.378 [main] INFO  o.quurz.foomp.base.util.EitherTest - Test either.getRight on Either.Left
]]></system-out>
  </testcase>
  <testcase name="testRightWithNullValue" classname="org.quurz.foomp.base.util.EitherTest" time="0.003">
    <system-out><![CDATA[19:36:21.383 [main] INFO  o.quurz.foomp.base.util.EitherTest - Test Either.right with null-value
]]></system-out>
  </testcase>
  <testcase name="testGetLeftOrThrowOnLeft" classname="org.quurz.foomp.base.util.EitherTest" time="0.004">
    <system-out><![CDATA[19:36:21.387 [main] INFO  o.quurz.foomp.base.util.EitherTest - Test either.getLeftOrThrow on Either.Left
]]></system-out>
  </testcase>
</testsuite>