<?xml version="1.0" encoding="UTF-8"?>
<testsuite xmlns:xsi="http://www.w3.org/2001/XMLSchema-instance" xsi:noNamespaceSchemaLocation="https://maven.apache.org/surefire/maven-surefire-plugin/xsd/surefire-test-report.xsd" version="3.0.2" name="org.quurz.foomp.base.functions.FunTest" time="0.098" tests="17" errors="0" skipped="0" failures="0">
  <properties>
[...]
</properties>
  <testcase name="testIdentityWithNullArgument" classname="org.quurz.foomp.base.functions.FunTest" time="0.004">
    <system-out><![CDATA[23:31:23.153 [main] INFO  o.quurz.foomp.base.functions.FunTest - Test Fun.identity with null-argument
]]></system-out>
  </testcase>
  <testcase name="testNullSafe" classname="org.quurz.foomp.base.functions.FunTest" time="0.005">
    <system-out><![CDATA[23:31:23.159 [main] INFO  o.quurz.foomp.base.functions.FunTest - Test fun.nullChecked
]]></system-out>
  </testcase>
  <testcase name="testApplicable" classname="org.quurz.foomp.base.functions.FunTest" time="0.005">
    <system-out><![CDATA[23:31:23.164 [main] INFO  o.quurz.foomp.base.functions.FunTest - Test fun.applicable
]]></system-out>
  </testcase>
  <testcase name="testComposeWithValidBefore" classname="org.quurz.foomp.base.functions.FunTest" time="0.005">
    <system-out><![CDATA[23:31:23.171 [main] INFO  o.quurz.foomp.base.functions.FunTest - Test fun.compose with valid funs
]]></system-out>
  </testcase>
  <testcase name="testAndThenWithNullAfter" classname="org.quurz.foomp.base.functions.FunTest" time="0.005">
    <system-out><![CDATA[23:31:23.178 [main] INFO  o.quurz.foomp.base.functions.FunTest - Test fun.andThen with null-fun
]]></system-out>
  </testcase>
  <testcase name="testFunWithNullReturningFunction" classname="org.quurz.foomp.base.functions.FunTest" time="0.003">
    <system-out><![CDATA[23:31:23.186 [main] INFO  o.quurz.foomp.base.functions.FunTest - Test Fun.fun with null returning function
]]></system-out>
  </testcase>
  <testcase name="testFunWithValidFunction" classname="org.quurz.foomp.base.functions.FunTest" time="0.003">
    <system-out><![CDATA[23:31:23.190 [main] INFO  o.quurz.foomp.base.functions.FunTest - Test Fun.fun with valid function
]]></system-out>
  </testcase>
  <testcase name="testComposeWithNullFunction" classname="org.quurz.foomp.base.functions.FunTest" time="0.008">
    <system-out><![CDATA[23:31:23.194 [main] INFO  o.quurz.foomp.base.functions.FunTest - Test fun.compose with null-function
]]></system-out>
  </testcase>
  <testcase name="testMemoise" classname="org.quurz.foomp.base.functions.FunTest" time="0.008">
    <system-out><![CDATA[23:31:23.203 [main] INFO  o.quurz.foomp.base.functions.FunTest - Test fun.memoising
]]></system-out>
  </testcase>
  <testcase name="testFunWithNullFunction" classname="org.quurz.foomp.base.functions.FunTest" time="0.004">
    <system-out><![CDATA[23:31:23.212 [main] INFO  o.quurz.foomp.base.functions.FunTest - Test Fun.fun with null function
]]></system-out>
  </testcase>
  <testcase name="testDeferWithNullSupplier" classname="org.quurz.foomp.base.functions.FunTest" time="0.003"/>
  <testcase name="testComposeWithNullReturningBefore" classname="org.quurz.foomp.base.functions.FunTest" time="0.003">
    <system-out><![CDATA[23:31:23.221 [main] INFO  o.quurz.foomp.base.functions.FunTest - Test fun.compose with null-returning before
]]></system-out>
  </testcase>
  <testcase name="testAndThenWithNullReturningAfter" classname="org.quurz.foomp.base.functions.FunTest" time="0.004">
    <system-out><![CDATA[23:31:23.225 [main] INFO  o.quurz.foomp.base.functions.FunTest - Test fun.andThen with null-returning after
]]></system-out>
  </testcase>
  <testcase name="testIdentityWithValidArgument" classname="org.quurz.foomp.base.functions.FunTest" time="0.003">
    <system-out><![CDATA[23:31:23.230 [main] INFO  o.quurz.foomp.base.functions.FunTest - Test Fun.identity with valid argument
]]></system-out>
  </testcase>
  <testcase name="testComposeWithNullReturningAfter" classname="org.quurz.foomp.base.functions.FunTest" time="0.004">
    <system-out><![CDATA[23:31:23.235 [main] INFO  o.quurz.foomp.base.functions.FunTest - Test fun.compose with null-returning after
]]></system-out>
  </testcase>
  <testcase name="testDeferWithNullReturningSupplier" classname="org.quurz.foomp.base.functions.FunTest" time="0.003">
    <system-out><![CDATA[23:31:23.240 [main] INFO  o.quurz.foomp.base.functions.FunTest - Test fun.defer with null-returning supplier
]]></system-out>
  </testcase>
  <testcase name="testDeferWithValidSupplier" classname="org.quurz.foomp.base.functions.FunTest" time="0.004">
    <system-out><![CDATA[23:31:23.245 [main] INFO  o.quurz.foomp.base.functions.FunTest - Test fun.defer with valid supplier
]]></system-out>
  </testcase>
</testsuite>