<?xml version="1.0" encoding="UTF-8"?>
<testsuite xmlns:xsi="http://www.w3.org/2001/XMLSchema-instance" xsi:noNamespaceSchemaLocation="https://maven.apache.org/surefire/maven-surefire-plugin/xsd/surefire-test-report.xsd" version="3.0.2" name="org.quurz.foomp.base.util.Tuple3Test" time="0.08" tests="17" errors="0" skipped="0" failures="0">
  <properties>
[...]
</properties>
  <testcase name="testCopy" classname="org.quurz.foomp.base.util.Tuple3Test" time="0.002">
    <system-out><![CDATA[19:36:22.286 [main] INFO  o.quurz.foomp.base.util.Tuple3Test - Test tuple3.copy
]]></system-out>
  </testcase>
  <testcase name="testLift" classname="org.quurz.foomp.base.util.Tuple3Test" time="0.007">
    <system-out><![CDATA[19:36:22.288 [main] INFO  o.quurz.foomp.base.util.Tuple3Test - test tuple3.lift
]]></system-out>
  </testcase>
  <testcase name="testMap1" classname="org.quurz.foomp.base.util.Tuple3Test" time="0.004">
    <system-out><![CDATA[19:36:22.296 [main] INFO  o.quurz.foomp.base.util.Tuple3Test - Test tuple3.map1
]]></system-out>
  </testcase>
  <testcase name="testMap2" classname="org.quurz.foomp.base.util.Tuple3Test" time="0.004">
    <system-out><![CDATA[19:36:22.301 [main] INFO  o.quurz.foomp.base.util.Tuple3Test - Test tuple3.map2
]]></system-out>
  </testcase>
  <testcase name="testMap3" classname="org.quurz.foomp.base.util.Tuple3Test" time="0.004">
    <system-out><![CDATA[19:36:22.306 [main] INFO  o.quurz.foomp.base.util.Tuple3Test - Test tuple3.map3
]]></system-out>
  </testcase>
  <testcase name="testMeld" classname="org.quurz.foomp.base.util.Tuple3Test" time="0.004">
    <system-out><![CDATA[19:36:22.310 [main] INFO  o.quurz.foomp.base.util.Tuple3Test - Test tuple3.meld
]]></system-out>
  </testcase>
  <testcase name="testWith" classname="org.quurz.foomp.base.util.Tuple3Test" time="0.004">
    <system-out><![CDATA[19:36:22.315 [main] INFO  o.quurz.foomp.base.util.Tuple3Test - Test Tuple3.with
]]></system-out>
  </testcase>
  <testcase name="testToRecord" classname="org.quurz.foomp.base.util.Tuple3Test" time="0.001">
    <system-out><![CDATA[19:36:22.320 [main] INFO  o.quurz.foomp.base.util.Tuple3Test - Test tuple3.record
]]></system-out>
  </testcase>
  <testcase name="testToString" classname="org.quurz.foomp.base.util.Tuple3Test" time="0.002">
    <system-out><![CDATA[19:36:22.322 [main] INFO  o.quurz.foomp.base.util.Tuple3Test - Test tuple3.toString
]]></system-out>
  </testcase>
  <testcase name="testUnwind1" classname="org.quurz.foomp.base.util.Tuple3Test" time="0.004">
    <system-out><![CDATA[19:36:22.325 [main] INFO  o.quurz.foomp.base.util.Tuple3Test - Test tuple3.unwind1
]]></system-out>
  </testcase>
  <testcase name="testUnwind2" classname="org.quurz.foomp.base.util.Tuple3Test" time="0.002">
    <system-out><![CDATA[19:36:22.330 [main] INFO  o.quurz.foomp.base.util.Tuple3Test - Test tuple3.unwind2
]]></system-out>
  </testcase>
  <testcase name="testUnwind3" classname="org.quurz.foomp.base.util.Tuple3Test" time="0.003">
    <system-out><![CDATA[19:36:22.334 [main] INFO  o.quurz.foomp.base.util.Tuple3Test - Test tuple3.unwind3
]]></system-out>
  </testcase>
  <testcase name="dummy" classname="org.quurz.foomp.base.util.Tuple3Test" time="0.002">
    <system-out><![CDATA[19:36:22.338 [main] INFO  o.quurz.foomp.base.util.Tuple3Test - Dummy test
]]></system-out>
  </testcase>
  <testcase name="testEqualsAndHashcode" classname="org.quurz.foomp.base.util.Tuple3Test" time="0.001">
    <system-out><![CDATA[19:36:22.340 [main] INFO  o.quurz.foomp.base.util.Tuple3Test - Test tuple3.equals and tuple3.hashCode
]]></system-out>
  </testcase>
  <testcase name="testMapAll" classname="org.quurz.foomp.base.util.Tuple3Test" time="0.015">
    <system-out><![CDATA[19:36:22.342 [main] INFO  o.quurz.foomp.base.util.Tuple3Test - Test tuple3.mapAll
]]></system-out>
  </testcase>
  <testcase name="testTuple3" classname="org.quurz.foomp.base.util.Tuple3Test" time="0.004">
    <system-out><![CDATA[19:36:22.358 [main] INFO  o.quurz.foomp.base.util.Tuple3Test - Test Tuple3.tuple3
]]></system-out>
  </testcase>
  <testcase name="testUnwind" classname="org.quurz.foomp.base.util.Tuple3Test" time="0.002">
    <system-out><![CDATA[19:36:22.362 [main] INFO  o.quurz.foomp.base.util.Tuple3Test - Test tuple3.unwind
]]></system-out>
  </testcase>
</testsuite>