<?xml version="1.0" encoding="UTF-8"?>
<testsuite xmlns:xsi="http://www.w3.org/2001/XMLSchema-instance" xsi:noNamespaceSchemaLocation="https://maven.apache.org/surefire/maven-surefire-plugin/xsd/surefire-test-report.xsd" version="3.0.2" name="org.quurz.foomp.base.util.Tuple2Test" time="0.085" tests="18" errors="0" skipped="0" failures="0">
  <properties>
[...]
</properties>
  <testcase name="testWith1" classname="org.quurz.foomp.base.util.Tuple2Test" time="0.004">
    <system-out><![CDATA[23:31:32.110 [main] INFO  o.quurz.foomp.base.util.Tuple2Test - Test tuple2.withFirst
]]></system-out>
  </testcase>
  <testcase name="testWith2" classname="org.quurz.foomp.base.util.Tuple2Test" time="0.002">
    <system-out><![CDATA[23:31:32.114 [main] INFO  o.quurz.foomp.base.util.Tuple2Test - Test tuple2.withSecond
]]></system-out>
  </testcase>
  <testcase name="testCopy" classname="org.quurz.foomp.base.util.Tuple2Test" time="0.001">
    <system-out><![CDATA[23:31:32.117 [main] INFO  o.quurz.foomp.base.util.Tuple2Test - Test tuple2.copy
]]></system-out>
  </testcase>
  <testcase name="testLift" classname="org.quurz.foomp.base.util.Tuple2Test" time="0.005">
    <system-out><![CDATA[23:31:32.118 [main] INFO  o.quurz.foomp.base.util.Tuple2Test - Test tuple2.lift
]]></system-out>
  </testcase>
  <testcase name="testMap1" classname="org.quurz.foomp.base.util.Tuple2Test" time="0.007">
    <system-out><![CDATA[23:31:32.124 [main] INFO  o.quurz.foomp.base.util.Tuple2Test - Test tuple2.mapFirst
]]></system-out>
  </testcase>
  <testcase name="testMap2" classname="org.quurz.foomp.base.util.Tuple2Test" time="0.008">
    <system-out><![CDATA[23:31:32.132 [main] INFO  o.quurz.foomp.base.util.Tuple2Test - Test tuple2.mapSecond
]]></system-out>
  </testcase>
  <testcase name="testMeld" classname="org.quurz.foomp.base.util.Tuple2Test" time="0.005">
    <system-out><![CDATA[23:31:32.141 [main] INFO  o.quurz.foomp.base.util.Tuple2Test - Test tuple2.meld
]]></system-out>
  </testcase>
  <testcase name="testSwap" classname="org.quurz.foomp.base.util.Tuple2Test" time="0.002">
    <system-out><![CDATA[23:31:32.147 [main] INFO  o.quurz.foomp.base.util.Tuple2Test - Test tuple2.swap
]]></system-out>
  </testcase>
  <testcase name="testToRecord" classname="org.quurz.foomp.base.util.Tuple2Test" time="0.002">
    <system-out><![CDATA[23:31:32.149 [main] INFO  o.quurz.foomp.base.util.Tuple2Test - Test tuple2.record
]]></system-out>
  </testcase>
  <testcase name="testToString" classname="org.quurz.foomp.base.util.Tuple2Test" time="0.002">
    <system-out><![CDATA[23:31:32.152 [main] INFO  o.quurz.foomp.base.util.Tuple2Test - Test tuple2.toString
]]></system-out>
  </testcase>
  <testcase name="testUnwind1" classname="org.quurz.foomp.base.util.Tuple2Test" time="0.005">
    <system-out><![CDATA[23:31:32.155 [main] INFO  o.quurz.foomp.base.util.Tuple2Test - Test tuple2.unwind1
]]></system-out>
  </testcase>
  <testcase name="testUnwind2" classname="org.quurz.foomp.base.util.Tuple2Test" time="0.003">
    <system-out><![CDATA[23:31:32.161 [main] INFO  o.quurz.foomp.base.util.Tuple2Test - Test tuple2.unwind2
]]></system-out>
  </testcase>
  <testcase name="testHashCode" classname="org.quurz.foomp.base.util.Tuple2Test" time="0.002">
    <system-out><![CDATA[23:31:32.165 [main] INFO  o.quurz.foomp.base.util.Tuple2Test - Test tuple2.hashCode
]]></system-out>
  </testcase>
  <testcase name="testEquals" classname="org.quurz.foomp.base.util.Tuple2Test" time="0.001">
    <system-out><![CDATA[23:31:32.168 [main] INFO  o.quurz.foomp.base.util.Tuple2Test - Test tuple2.equals
]]></system-out>
  </testcase>
  <testcase name="testMapTo1" classname="org.quurz.foomp.base.util.Tuple2Test" time="0.008">
    <system-out><![CDATA[23:31:32.170 [main] INFO  o.quurz.foomp.base.util.Tuple2Test - Test tuple2.mapToFirst
]]></system-out>
  </testcase>
  <testcase name="testMapTo2" classname="org.quurz.foomp.base.util.Tuple2Test" time="0.007">
    <system-out><![CDATA[23:31:32.179 [main] INFO  o.quurz.foomp.base.util.Tuple2Test - Test tuple2.mapToSecond
]]></system-out>
  </testcase>
  <testcase name="testTuple2" classname="org.quurz.foomp.base.util.Tuple2Test" time="0.003">
    <system-out><![CDATA[23:31:32.187 [main] INFO  o.quurz.foomp.base.util.Tuple2Test - Test Tuple2.tuple2
]]></system-out>
  </testcase>
  <testcase name="testUnwind" classname="org.quurz.foomp.base.util.Tuple2Test" time="0.002">
    <system-out><![CDATA[23:31:32.190 [main] INFO  o.quurz.foomp.base.util.Tuple2Test - Test tuple2.unwind
]]></system-out>
  </testcase>
</testsuite>