<?xml version="1.0" encoding="UTF-8"?>
<testsuite xmlns:xsi="http://www.w3.org/2001/XMLSchema-instance" xsi:noNamespaceSchemaLocation="https://maven.apache.org/surefire/maven-surefire-plugin/xsd/surefire-test-report.xsd" version="3.0.2" name="org.quurz.foomp.base.util.Record2Test" time="0.042" tests="13" errors="0" skipped="0" failures="0">
  <properties>
[...]
</properties>
  <testcase name="testHashCodeAndEquals" classname="org.quurz.foomp.base.util.Record2Test" time="0.002">
    <system-out><![CDATA[19:36:21.877 [main] INFO  o.quurz.foomp.base.util.Record2Test - Test record2.hashCode and record2.equals
]]></system-out>
  </testcase>
  <testcase name="testToTuple" classname="org.quurz.foomp.base.util.Record2Test" time="0.002">
    <system-out><![CDATA[19:36:21.879 [main] INFO  o.quurz.foomp.base.util.Record2Test - Test record2.tuple
]]></system-out>
  </testcase>
  <testcase name="testGet" classname="org.quurz.foomp.base.util.Record2Test" time="0.002">
    <system-out><![CDATA[19:36:21.882 [main] INFO  o.quurz.foomp.base.util.Record2Test - Test record.get, record2.get1 and record2.get2
]]></system-out>
  </testcase>
  <testcase name="testCopy" classname="org.quurz.foomp.base.util.Record2Test" time="0.001">
    <system-out><![CDATA[19:36:21.885 [main] INFO  o.quurz.foomp.base.util.Record2Test - Test record2.copy
]]></system-out>
  </testcase>
  <testcase name="testLift" classname="org.quurz.foomp.base.util.Record2Test" time="0.004">
    <system-out><![CDATA[19:36:21.887 [main] INFO  o.quurz.foomp.base.util.Record2Test - Test record2.lift
]]></system-out>
  </testcase>
  <testcase name="testMap1" classname="org.quurz.foomp.base.util.Record2Test" time="0.004">
    <system-out><![CDATA[19:36:21.892 [main] INFO  o.quurz.foomp.base.util.Record2Test - Test record2.map1, record2.map and record2.mapFirst
]]></system-out>
  </testcase>
  <testcase name="testMap2" classname="org.quurz.foomp.base.util.Record2Test" time="0.003">
    <system-out><![CDATA[19:36:21.896 [main] INFO  o.quurz.foomp.base.util.Record2Test - Test record2.map2 and record2.mapSecond
]]></system-out>
  </testcase>
  <testcase name="testWith" classname="org.quurz.foomp.base.util.Record2Test" time="0.002">
    <system-out><![CDATA[19:36:21.899 [main] INFO  o.quurz.foomp.base.util.Record2Test - Test record2.with1 and record2.with2
]]></system-out>
  </testcase>
  <testcase name="testToString" classname="org.quurz.foomp.base.util.Record2Test" time="0.001">
    <system-out><![CDATA[19:36:21.901 [main] INFO  o.quurz.foomp.base.util.Record2Test - Test record2.toString
]]></system-out>
  </testcase>
  <testcase name="testPresent" classname="org.quurz.foomp.base.util.Record2Test" time="0.001">
    <system-out><![CDATA[19:36:21.904 [main] INFO  o.quurz.foomp.base.util.Record2Test - Test record2.isPresent, record2.is1 and record2.is2
]]></system-out>
  </testcase>
  <testcase name="testRecord2" classname="org.quurz.foomp.base.util.Record2Test" time="0.003">
    <system-out><![CDATA[19:36:21.905 [main] INFO  o.quurz.foomp.base.util.Record2Test - Test Record2.record2 and Record2::new
]]></system-out>
  </testcase>
  <testcase name="testTransmogrify" classname="org.quurz.foomp.base.util.Record2Test" time="0.003">
    <system-out><![CDATA[19:36:21.909 [main] INFO  o.quurz.foomp.base.util.Record2Test - Test record2.transmogrify
]]></system-out>
  </testcase>
  <testcase name="testMapAll" classname="org.quurz.foomp.base.util.Record2Test" time="0.004">
    <system-out><![CDATA[19:36:21.913 [main] INFO  o.quurz.foomp.base.util.Record2Test - Test record2.mapAll
]]></system-out>
  </testcase>
</testsuite>